\BOOKMARK [1][-]{figure.caption.1}{\376\377\000C\000h\001\260\001\241\000n\000g\000\040\0001\000.\000\040\000G\000i\036\333\000i\000\040\000t\000h\000i\036\307\000u\000\040\000c\000h\000u\000n\000g}{}% 1
\BOOKMARK [2][-]{subsection.1.1}{\376\377\000L\000\375\000\040\000d\000o\000\040\000c\000h\036\315\000n\000\040\001\021\036\301\000\040\000t\000\340\000i\000\040}{figure.caption.1}% 2
\BOOKMARK [2][-]{subsection.1.2}{\376\377\000M\036\345\000c\000\040\001\021\000\355\000c\000h\000\040\000c\036\347\000a\000\040\001\021\036\301\000\040\000t\000\340\000i}{figure.caption.1}% 3
\BOOKMARK [2][-]{subsection.1.3}{\376\377\000M\036\345\000c\000\040\000t\000i\000\352\000u\000\040\000c\036\345\000\040\000t\000h\036\303}{figure.caption.1}% 4
\BOOKMARK [1][-]{subsection.1.3}{\376\377\000C\000h\001\260\001\241\000n\000g\000\040\0002\000.\000\040\000M\000\364\000\040\000t\036\243\000\040\000b\000\340\000i\000\040\000t\000o\000\341\000n}{}% 5
\BOOKMARK [2][-]{subsection.2.1}{\376\377\000V\036\245\000n\000\040\001\021\036\301\000\040\000c\036\247\000n\000\040\000g\000i\036\243\000i\000\040\000q\000u\000y\036\277\000t}{subsection.1.3}% 6
\BOOKMARK [3][-]{subsubsection.2.1.1}{\376\377\000M\036\241\000c\000h\000\040\000c\036\351\000n\000g\000\040\000P\000I\000R\000\040\000A\000r\000r\000a\000y\000\040}{subsection.2.1}% 7
\BOOKMARK [3][-]{subsubsection.2.1.2}{\376\377\000V\000i\000\040\001\021\000i\036\301\000u\000\040\000k\000h\000i\036\303\000n}{subsection.2.1}% 8
\BOOKMARK [3][-]{subsubsection.2.1.3}{\376\377\000S\000e\000r\000v\000e\000r\000\040\000v\000\340\000\040\000D\000a\000t\000a\000b\000a\000s\000e\000.}{subsection.2.1}% 9
\BOOKMARK [3][-]{subsubsection.2.1.4}{\376\377\000P\000h\036\247\000n\000\040\000m\036\301\000m\000\040\000q\000u\036\243\000n\000\040\000l\000\375\000\040}{subsection.2.1}% 10
\BOOKMARK [2][-]{subsection.2.2}{\376\377\000L\036\361\000a\000\040\000c\000h\036\315\000n\000\040\000p\000h\001\260\001\241\000n\000g\000\040\000p\000h\000\341\000p\000\040}{subsection.1.3}% 11
\BOOKMARK [3][-]{subsubsection.2.2.1}{\376\377\000V\000i\000\040\001\021\000i\036\301\000u\000\040\000k\000h\000i\036\303\000n}{subsection.2.2}% 12
\BOOKMARK [3][-]{subsubsection.2.2.2}{\376\377\000S\000e\000r\000v\000e\000r\000\040\000v\000\340\000\040\000D\000a\000t\000a\000b\000a\000s\000e\000\040}{subsection.2.2}% 13
\BOOKMARK [3][-]{subsubsection.2.2.3}{\376\377\000D\000e\000s\000k\000t\000o\000p\000\040\000A\000p\000p\000l\000i\000c\000a\000t\000i\000o\000n\000:\000\040}{subsection.2.2}% 14
\BOOKMARK [2][-]{subsection.2.3}{\376\377\000C\000\364\000n\000g\000\040\000c\036\345\000\040\000t\000r\000i\036\303\000n\000\040\000k\000h\000a\000i}{subsection.1.3}% 15
\BOOKMARK [3][-]{subsubsection.2.3.1}{\376\377\000P\000h\036\247\000n\000\040\000c\036\351\000n\000g\000\040\000v\000\340\000\040\000v\000i\000\040\001\021\000i\036\301\000u\000\040\000k\000h\000i\036\303\000n}{subsection.2.3}% 16
\BOOKMARK [3][-]{subsubsection.2.3.2}{\376\377\000M\000\364\000\040\000h\000\354\000n\000h}{subsection.2.3}% 17
\BOOKMARK [3][-]{subsubsection.2.3.3}{\376\377\000P\000h\036\247\000n\000\040\000m\036\301\000m}{subsection.2.3}% 18
\BOOKMARK [1][-]{subsubsection.2.3.3}{\376\377\000C\000h\001\260\001\241\000n\000g\000\040\0003\000.\000\040\000K\036\277\000t\000\040\000q\000u\036\243\000\040\001\021\036\241\000t\000\040\001\021\001\260\036\343\000c}{}% 19
\BOOKMARK [2][-]{subsection.3.1}{\376\377\000P\000h\036\247\000n\000\040\000c\036\351\000n\000g\000\040\000v\000\340\000\040\000v\000i\000\040\001\021\000i\036\301\000u\000\040\000k\000h\000i\036\303\000n}{subsubsection.2.3.3}% 20
\BOOKMARK [2][-]{subsection.3.2}{\376\377\000P\000h\036\247\000n\000\040\000m\036\301\000m}{subsubsection.2.3.3}% 21
\BOOKMARK [2][-]{subsection.3.3}{\376\377\000T\000h\000i\036\277\000t\000\040\000l\036\255\000p\000\040\000b\036\321\000i\000\040\000c\036\243\000n\000h\000\040\000t\000h\000u\000\040\000d\000a\000t\000a}{subsubsection.2.3.3}% 22
\BOOKMARK [1][-]{figure.caption.15}{\376\377\000C\000h\001\260\001\241\000n\000g\000\040\0004\000.\000\040\000V\036\245\000n\000\040\001\021\036\301\000\040\000c\000\362\000n\000\040\000t\036\323\000n\000\040\001\021\036\315\000n\000g\000\040\000v\000\340\000\040\000k\000h\000\363\000\040\000k\000h\001\003\000n}{}% 23
\BOOKMARK [1][-]{figure.caption.16}{\376\377\000C\000h\001\260\001\241\000n\000g\000\040\0005\000.\000\040\000K\036\277\000t\000\040\000l\000u\036\255\000n\000\040\000c\000h\000u\000n\000g\000\040\000v\000\340\000\040\000h\001\260\036\333\000n\000g\000\040\000p\000h\000\341\000t\000\040\000t\000r\000i\036\303\000n}{}% 24
\BOOKMARK [2][-]{subsection.5.1}{\376\377\000T\000\363\000m\000\040\000t\036\257\000t\000\040\000n\036\331\000i\000\040\000d\000u\000n\000g\000\040\000n\000g\000h\000i\000\352\000n\000\040\000c\036\351\000u}{figure.caption.16}% 25
\BOOKMARK [2][-]{subsection.5.2}{\376\377\000\040\000\335\000\040\000n\000g\000h\001\051\000a\000\040\000v\000\340\000\040\036\351\000n\000g\000\040\000d\036\345\000n\000g\000\040\000t\000h\036\361\000c\000\040\000t\000i\036\305\000n}{figure.caption.16}% 26
\BOOKMARK [2][-]{subsection.5.3}{\376\377\000H\001\260\036\333\000n\000g\000\040\000p\000h\000\341\000t\000\040\000t\000r\000i\036\303\000n\000\040\000t\000r\000o\000n\000g\000\040\000t\001\260\001\241\000n\000g\000\040\000l\000a\000i}{figure.caption.16}% 27
\BOOKMARK [2][-]{subsection.5.4}{\376\377\000L\036\335\000i\000\040\000c\036\243\000m\000\040\001\241\000n}{figure.caption.16}% 28
